make: 进入目录“/home/hgl/code/ustc/USTC_CG/Framework2D/build”
make[1]: 进入目录“/home/hgl/code/ustc/USTC_CG/Framework2D/build”
make[2]: 进入目录“/home/hgl/code/ustc/USTC_CG/Framework2D/build”
make[2]: 进入目录“/home/hgl/code/ustc/USTC_CG/Framework2D/build”
make[2]: 离开目录“/home/hgl/code/ustc/USTC_CG/Framework2D/build”
make[2]: 进入目录“/home/hgl/code/ustc/USTC_CG/Framework2D/build”
[  1%] Building C object third_party/CMakeFiles/glad.dir/glad/src/glad.c.o
make[2]: 离开目录“/home/hgl/code/ustc/USTC_CG/Framework2D/build”
make[2]: 进入目录“/home/hgl/code/ustc/USTC_CG/Framework2D/build”
[  4%] Building C object third_party/glfw/src/CMakeFiles/glfw.dir/window.c.o
[  4%] Building C object third_party/glfw/src/CMakeFiles/glfw.dir/context.c.o
[  5%] Building C object third_party/glfw/src/CMakeFiles/glfw.dir/input.c.o
[  4%] Building C object third_party/glfw/src/CMakeFiles/glfw.dir/monitor.c.o
[  7%] Building C object third_party/glfw/src/CMakeFiles/glfw.dir/osmesa_context.c.o
[  6%] Building C object third_party/glfw/src/CMakeFiles/glfw.dir/init.c.o
[  9%] Building C object third_party/glfw/src/CMakeFiles/glfw.dir/null_monitor.c.o
[ 10%] Building C object third_party/glfw/src/CMakeFiles/glfw.dir/platform.c.o
[ 11%] Building C object third_party/glfw/src/CMakeFiles/glfw.dir/null_joystick.c.o
[ 13%] Building C object third_party/glfw/src/CMakeFiles/glfw.dir/vulkan.c.o
[ 13%] Building C object third_party/glfw/src/CMakeFiles/glfw.dir/null_window.c.o
[ 14%] Building C object third_party/glfw/src/CMakeFiles/glfw.dir/posix_module.c.o
[ 15%] Building C object third_party/glfw/src/CMakeFiles/glfw.dir/posix_time.c.o
[ 17%] Building C object third_party/glfw/src/CMakeFiles/glfw.dir/egl_context.c.o
[ 19%] Building C object third_party/glfw/src/CMakeFiles/glfw.dir/posix_thread.c.o
[ 19%] Building C object third_party/glfw/src/CMakeFiles/glfw.dir/null_init.c.o
[ 20%] Building C object third_party/glfw/src/CMakeFiles/glfw.dir/x11_window.c.o
[ 21%] Building C object third_party/glfw/src/CMakeFiles/glfw.dir/x11_init.c.o
[ 22%] Building C object third_party/glfw/src/CMakeFiles/glfw.dir/x11_monitor.c.o
[ 23%] Building C object third_party/glfw/src/CMakeFiles/glfw.dir/xkb_unicode.c.o
[ 25%] Building C object third_party/glfw/src/CMakeFiles/glfw.dir/glx_context.c.o
[ 26%] Building C object third_party/glfw/src/CMakeFiles/glfw.dir/wl_init.c.o
[ 27%] Building C object third_party/glfw/src/CMakeFiles/glfw.dir/wl_monitor.c.o
[ 28%] Building C object third_party/glfw/src/CMakeFiles/glfw.dir/wl_window.c.o
[ 29%] Building C object third_party/glfw/src/CMakeFiles/glfw.dir/linux_joystick.c.o
[ 30%] Building C object third_party/glfw/src/CMakeFiles/glfw.dir/posix_poll.c.o
[ 31%] Linking C static library libglad.a
make[2]: 离开目录“/home/hgl/code/ustc/USTC_CG/Framework2D/build”
[ 31%] Built target glad
[ 32%] Linking C static library libglfw3.a
make[2]: 离开目录“/home/hgl/code/ustc/USTC_CG/Framework2D/build”
[ 53%] Built target glfw
make[2]: 进入目录“/home/hgl/code/ustc/USTC_CG/Framework2D/build”
make[2]: 离开目录“/home/hgl/code/ustc/USTC_CG/Framework2D/build”
make[2]: 进入目录“/home/hgl/code/ustc/USTC_CG/Framework2D/build”
[ 54%] Building CXX object third_party/CMakeFiles/imgui.dir/imgui/backends/imgui_impl_opengl3.cpp.o
[ 56%] Building CXX object third_party/CMakeFiles/imgui.dir/imgui/imgui.cpp.o
[ 56%] Building CXX object third_party/CMakeFiles/imgui.dir/imgui/imgui_demo.cpp.o
[ 57%] Building CXX object third_party/CMakeFiles/imgui.dir/imgui/imgui_widgets.cpp.o
[ 60%] Building CXX object third_party/CMakeFiles/imgui.dir/imgui/backends/imgui_impl_glfw.cpp.o
[ 60%] Building CXX object third_party/CMakeFiles/imgui.dir/ImGuiFileDialog/ImGuiFileDialog.cpp.o
[ 62%] Building CXX object third_party/CMakeFiles/imgui.dir/imgui/imgui_tables.cpp.o
[ 62%] Building CXX object third_party/CMakeFiles/imgui.dir/imgui/imgui_draw.cpp.o
[ 63%] Linking CXX static library libimgui.a
make[2]: 离开目录“/home/hgl/code/ustc/USTC_CG/Framework2D/build”
[ 63%] Built target imgui
make[2]: 进入目录“/home/hgl/code/ustc/USTC_CG/Framework2D/build”
make[2]: 离开目录“/home/hgl/code/ustc/USTC_CG/Framework2D/build”
make[2]: 进入目录“/home/hgl/code/ustc/USTC_CG/Framework2D/build”
[ 64%] Building CXX object src/common/CMakeFiles/common.dir/window.cpp.o
[ 65%] Building CXX object src/common/CMakeFiles/common.dir/image_widget.cpp.o
In file included from /home/hgl/code/ustc/USTC_CG/Framework2D/include/common/image_widget.h:11,
                 from /home/hgl/code/ustc/USTC_CG/Framework2D/src/common/image_widget.cpp:1:
/home/hgl/code/ustc/USTC_CG/Framework2D/include/common/image.h: In member function ‘void USTC_CG::Image::set_pixel(int, int, const std::vector<unsigned char>&)’:
/home/hgl/code/ustc/USTC_CG/Framework2D/include/common/image.h:141:39: warning: comparison of integer expressions of different signedness: ‘int’ and ‘size_t’ {aka ‘long unsigned int’} [-Wsign-compare]
  141 |         for (int channel = 0; channel < channels_reset; ++channel)
      |                               ~~~~~~~~^~~~~~~~~~~~~~~~
In file included from /home/hgl/code/ustc/USTC_CG/Framework2D/src/common/image_widget.cpp:9:
/home/hgl/code/ustc/USTC_CG/Framework2D/third_party/stb_image_write.h: In function ‘int stbi_write_bmp_to_func(void (*)(void*, void*, int), void*, int, int, int, const void*)’:
/home/hgl/code/ustc/USTC_CG/Framework2D/third_party/stb_image_write.h:514:32: warning: missing initializer for member ‘stbi__write_context::context’ [-Wmissing-field-initializers]
  514 |    stbi__write_context s = { 0 };
      |                                ^
/home/hgl/code/ustc/USTC_CG/Framework2D/third_party/stb_image_write.h:514:32: warning: missing initializer for member ‘stbi__write_context::buffer’ [-Wmissing-field-initializers]
/home/hgl/code/ustc/USTC_CG/Framework2D/third_party/stb_image_write.h:514:32: warning: missing initializer for member ‘stbi__write_context::buf_used’ [-Wmissing-field-initializers]
/home/hgl/code/ustc/USTC_CG/Framework2D/third_party/stb_image_write.h: In function ‘int stbi_write_bmp(const char*, int, int, int, const void*)’:
/home/hgl/code/ustc/USTC_CG/Framework2D/third_party/stb_image_write.h:522:32: warning: missing initializer for member ‘stbi__write_context::context’ [-Wmissing-field-initializers]
  522 |    stbi__write_context s = { 0 };
      |                                ^
/home/hgl/code/ustc/USTC_CG/Framework2D/third_party/stb_image_write.h:522:32: warning: missing initializer for member ‘stbi__write_context::buffer’ [-Wmissing-field-initializers]
/home/hgl/code/ustc/USTC_CG/Framework2D/third_party/stb_image_write.h:522:32: warning: missing initializer for member ‘stbi__write_context::buf_used’ [-Wmissing-field-initializers]
/home/hgl/code/ustc/USTC_CG/Framework2D/third_party/stb_image_write.h: In function ‘int stbi_write_tga_to_func(void (*)(void*, void*, int), void*, int, int, int, const void*)’:
/home/hgl/code/ustc/USTC_CG/Framework2D/third_party/stb_image_write.h:613:32: warning: missing initializer for member ‘stbi__write_context::context’ [-Wmissing-field-initializers]
  613 |    stbi__write_context s = { 0 };
      |                                ^
/home/hgl/code/ustc/USTC_CG/Framework2D/third_party/stb_image_write.h:613:32: warning: missing initializer for member ‘stbi__write_context::buffer’ [-Wmissing-field-initializers]
/home/hgl/code/ustc/USTC_CG/Framework2D/third_party/stb_image_write.h:613:32: warning: missing initializer for member ‘stbi__write_context::buf_used’ [-Wmissing-field-initializers]
/home/hgl/code/ustc/USTC_CG/Framework2D/third_party/stb_image_write.h: In function ‘int stbi_write_tga(const char*, int, int, int, const void*)’:
/home/hgl/code/ustc/USTC_CG/Framework2D/third_party/stb_image_write.h:621:32: warning: missing initializer for member ‘stbi__write_context::context’ [-Wmissing-field-initializers]
  621 |    stbi__write_context s = { 0 };
      |                                ^
/home/hgl/code/ustc/USTC_CG/Framework2D/third_party/stb_image_write.h:621:32: warning: missing initializer for member ‘stbi__write_context::buffer’ [-Wmissing-field-initializers]
/home/hgl/code/ustc/USTC_CG/Framework2D/third_party/stb_image_write.h:621:32: warning: missing initializer for member ‘stbi__write_context::buf_used’ [-Wmissing-field-initializers]
/home/hgl/code/ustc/USTC_CG/Framework2D/third_party/stb_image_write.h: In function ‘int stbi_write_hdr_to_func(void (*)(void*, void*, int), void*, int, int, int, const float*)’:
/home/hgl/code/ustc/USTC_CG/Framework2D/third_party/stb_image_write.h:789:32: warning: missing initializer for member ‘stbi__write_context::context’ [-Wmissing-field-initializers]
  789 |    stbi__write_context s = { 0 };
      |                                ^
/home/hgl/code/ustc/USTC_CG/Framework2D/third_party/stb_image_write.h:789:32: warning: missing initializer for member ‘stbi__write_context::buffer’ [-Wmissing-field-initializers]
/home/hgl/code/ustc/USTC_CG/Framework2D/third_party/stb_image_write.h:789:32: warning: missing initializer for member ‘stbi__write_context::buf_used’ [-Wmissing-field-initializers]
/home/hgl/code/ustc/USTC_CG/Framework2D/third_party/stb_image_write.h: In function ‘int stbi_write_hdr(const char*, int, int, int, const float*)’:
/home/hgl/code/ustc/USTC_CG/Framework2D/third_party/stb_image_write.h:796:32: warning: missing initializer for member ‘stbi__write_context::context’ [-Wmissing-field-initializers]
  796 |    stbi__write_context s = { 0 };
      |                                ^
/home/hgl/code/ustc/USTC_CG/Framework2D/third_party/stb_image_write.h:796:32: warning: missing initializer for member ‘stbi__write_context::buffer’ [-Wmissing-field-initializers]
/home/hgl/code/ustc/USTC_CG/Framework2D/third_party/stb_image_write.h:796:32: warning: missing initializer for member ‘stbi__write_context::buf_used’ [-Wmissing-field-initializers]
/home/hgl/code/ustc/USTC_CG/Framework2D/third_party/stb_image_write.h: In function ‘int stbi_write_jpg_to_func(void (*)(void*, void*, int), void*, int, int, int, const void*, int)’:
/home/hgl/code/ustc/USTC_CG/Framework2D/third_party/stb_image_write.h:1609:32: warning: missing initializer for member ‘stbi__write_context::context’ [-Wmissing-field-initializers]
 1609 |    stbi__write_context s = { 0 };
      |                                ^
/home/hgl/code/ustc/USTC_CG/Framework2D/third_party/stb_image_write.h:1609:32: warning: missing initializer for member ‘stbi__write_context::buffer’ [-Wmissing-field-initializers]
/home/hgl/code/ustc/USTC_CG/Framework2D/third_party/stb_image_write.h:1609:32: warning: missing initializer for member ‘stbi__write_context::buf_used’ [-Wmissing-field-initializers]
/home/hgl/code/ustc/USTC_CG/Framework2D/third_party/stb_image_write.h: In function ‘int stbi_write_jpg(const char*, int, int, int, const void*, int)’:
/home/hgl/code/ustc/USTC_CG/Framework2D/third_party/stb_image_write.h:1618:32: warning: missing initializer for member ‘stbi__write_context::context’ [-Wmissing-field-initializers]
 1618 |    stbi__write_context s = { 0 };
      |                                ^
/home/hgl/code/ustc/USTC_CG/Framework2D/third_party/stb_image_write.h:1618:32: warning: missing initializer for member ‘stbi__write_context::buffer’ [-Wmissing-field-initializers]
/home/hgl/code/ustc/USTC_CG/Framework2D/third_party/stb_image_write.h:1618:32: warning: missing initializer for member ‘stbi__write_context::buf_used’ [-Wmissing-field-initializers]
/home/hgl/code/ustc/USTC_CG/Framework2D/include/common/image_widget.h: In constructor ‘USTC_CG::ImageWidget::ImageWidget(const std::string&, const std::string&)’:
/home/hgl/code/ustc/USTC_CG/Framework2D/include/common/image_widget.h:46:17: warning: ‘USTC_CG::ImageWidget::filename_’ will be initialized after [-Wreorder]
   46 |     std::string filename_;                 // Path to the image file.
      |                 ^~~~~~~~~
/home/hgl/code/ustc/USTC_CG/Framework2D/src/common/image_widget.cpp:15:19: warning:   base ‘USTC_CG::Widget’ [-Wreorder]
   15 |       Widget(label)
      |                   ^
/home/hgl/code/ustc/USTC_CG/Framework2D/src/common/image_widget.cpp:13:1: warning:   when initialized here [-Wreorder]
   13 | ImageWidget::ImageWidget(const std::string& label, const std::string& filename)
      | ^~~~~~~~~~~
