make: 进入目录“/home/hgl/code/ustc/USTC_CG/Framework2D/build”
make[1]: 进入目录“/home/hgl/code/ustc/USTC_CG/Framework2D/build”
make[2]: 进入目录“/home/hgl/code/ustc/USTC_CG/Framework2D/build”
make[2]: 进入目录“/home/hgl/code/ustc/USTC_CG/Framework2D/build”
make[2]: 离开目录“/home/hgl/code/ustc/USTC_CG/Framework2D/build”
[  2%] Built target glad
make[2]: 离开目录“/home/hgl/code/ustc/USTC_CG/Framework2D/build”
[ 53%] Built target glfw
make[2]: 进入目录“/home/hgl/code/ustc/USTC_CG/Framework2D/build”
make[2]: 离开目录“/home/hgl/code/ustc/USTC_CG/Framework2D/build”
[ 63%] Built target imgui
make[2]: 进入目录“/home/hgl/code/ustc/USTC_CG/Framework2D/build”
make[2]: 离开目录“/home/hgl/code/ustc/USTC_CG/Framework2D/build”
make[2]: 进入目录“/home/hgl/code/ustc/USTC_CG/Framework2D/build”
[ 64%] Building CXX object src/common/CMakeFiles/common.dir/image_widget.cpp.o
In file included from /home/hgl/code/ustc/USTC_CG/Framework2D/include/common/image_widget.h:11,
                 from /home/hgl/code/ustc/USTC_CG/Framework2D/src/common/image_widget.cpp:1:
/home/hgl/code/ustc/USTC_CG/Framework2D/include/common/image.h: In member function ‘void USTC_CG::Image::set_pixel(int, int, const std::vector<unsigned char>&)’:
/home/hgl/code/ustc/USTC_CG/Framework2D/include/common/image.h:141:39: warning: comparison of integer expressions of different signedness: ‘int’ and ‘size_t’ {aka ‘long unsigned int’} [-Wsign-compare]
  141 |         for (int channel = 0; channel < channels_reset; ++channel)
      |                               ~~~~~~~~^~~~~~~~~~~~~~~~
In file included from /home/hgl/code/ustc/USTC_CG/Framework2D/src/common/image_widget.cpp:9:
/home/hgl/code/ustc/USTC_CG/Framework2D/third_party/stb_image_write.h: In function ‘int stbi_write_bmp_to_func(void (*)(void*, void*, int), void*, int, int, int, const void*)’:
/home/hgl/code/ustc/USTC_CG/Framework2D/third_party/stb_image_write.h:514:32: warning: missing initializer for member ‘stbi__write_context::context’ [-Wmissing-field-initializers]
  514 |    stbi__write_context s = { 0 };
      |                                ^
/home/hgl/code/ustc/USTC_CG/Framework2D/third_party/stb_image_write.h:514:32: warning: missing initializer for member ‘stbi__write_context::buffer’ [-Wmissing-field-initializers]
/home/hgl/code/ustc/USTC_CG/Framework2D/third_party/stb_image_write.h:514:32: warning: missing initializer for member ‘stbi__write_context::buf_used’ [-Wmissing-field-initializers]
/home/hgl/code/ustc/USTC_CG/Framework2D/third_party/stb_image_write.h: In function ‘int stbi_write_bmp(const char*, int, int, int, const void*)’:
/home/hgl/code/ustc/USTC_CG/Framework2D/third_party/stb_image_write.h:522:32: warning: missing initializer for member ‘stbi__write_context::context’ [-Wmissing-field-initializers]
  522 |    stbi__write_context s = { 0 };
      |                                ^
/home/hgl/code/ustc/USTC_CG/Framework2D/third_party/stb_image_write.h:522:32: warning: missing initializer for member ‘stbi__write_context::buffer’ [-Wmissing-field-initializers]
/home/hgl/code/ustc/USTC_CG/Framework2D/third_party/stb_image_write.h:522:32: warning: missing initializer for member ‘stbi__write_context::buf_used’ [-Wmissing-field-initializers]
/home/hgl/code/ustc/USTC_CG/Framework2D/third_party/stb_image_write.h: In function ‘int stbi_write_tga_to_func(void (*)(void*, void*, int), void*, int, int, int, const void*)’:
/home/hgl/code/ustc/USTC_CG/Framework2D/third_party/stb_image_write.h:613:32: warning: missing initializer for member ‘stbi__write_context::context’ [-Wmissing-field-initializers]
  613 |    stbi__write_context s = { 0 };
      |                                ^
/home/hgl/code/ustc/USTC_CG/Framework2D/third_party/stb_image_write.h:613:32: warning: missing initializer for member ‘stbi__write_context::buffer’ [-Wmissing-field-initializers]
/home/hgl/code/ustc/USTC_CG/Framework2D/third_party/stb_image_write.h:613:32: warning: missing initializer for member ‘stbi__write_context::buf_used’ [-Wmissing-field-initializers]
/home/hgl/code/ustc/USTC_CG/Framework2D/third_party/stb_image_write.h: In function ‘int stbi_write_tga(const char*, int, int, int, const void*)’:
/home/hgl/code/ustc/USTC_CG/Framework2D/third_party/stb_image_write.h:621:32: warning: missing initializer for member ‘stbi__write_context::context’ [-Wmissing-field-initializers]
  621 |    stbi__write_context s = { 0 };
      |                                ^
/home/hgl/code/ustc/USTC_CG/Framework2D/third_party/stb_image_write.h:621:32: warning: missing initializer for member ‘stbi__write_context::buffer’ [-Wmissing-field-initializers]
/home/hgl/code/ustc/USTC_CG/Framework2D/third_party/stb_image_write.h:621:32: warning: missing initializer for member ‘stbi__write_context::buf_used’ [-Wmissing-field-initializers]
/home/hgl/code/ustc/USTC_CG/Framework2D/third_party/stb_image_write.h: In function ‘int stbi_write_hdr_to_func(void (*)(void*, void*, int), void*, int, int, int, const float*)’:
/home/hgl/code/ustc/USTC_CG/Framework2D/third_party/stb_image_write.h:789:32: warning: missing initializer for member ‘stbi__write_context::context’ [-Wmissing-field-initializers]
  789 |    stbi__write_context s = { 0 };
      |                                ^
/home/hgl/code/ustc/USTC_CG/Framework2D/third_party/stb_image_write.h:789:32: warning: missing initializer for member ‘stbi__write_context::buffer’ [-Wmissing-field-initializers]
/home/hgl/code/ustc/USTC_CG/Framework2D/third_party/stb_image_write.h:789:32: warning: missing initializer for member ‘stbi__write_context::buf_used’ [-Wmissing-field-initializers]
/home/hgl/code/ustc/USTC_CG/Framework2D/third_party/stb_image_write.h: In function ‘int stbi_write_hdr(const char*, int, int, int, const float*)’:
/home/hgl/code/ustc/USTC_CG/Framework2D/third_party/stb_image_write.h:796:32: warning: missing initializer for member ‘stbi__write_context::context’ [-Wmissing-field-initializers]
  796 |    stbi__write_context s = { 0 };
      |                                ^
/home/hgl/code/ustc/USTC_CG/Framework2D/third_party/stb_image_write.h:796:32: warning: missing initializer for member ‘stbi__write_context::buffer’ [-Wmissing-field-initializers]
/home/hgl/code/ustc/USTC_CG/Framework2D/third_party/stb_image_write.h:796:32: warning: missing initializer for member ‘stbi__write_context::buf_used’ [-Wmissing-field-initializers]
/home/hgl/code/ustc/USTC_CG/Framework2D/third_party/stb_image_write.h: In function ‘int stbi_write_jpg_to_func(void (*)(void*, void*, int), void*, int, int, int, const void*, int)’:
/home/hgl/code/ustc/USTC_CG/Framework2D/third_party/stb_image_write.h:1609:32: warning: missing initializer for member ‘stbi__write_context::context’ [-Wmissing-field-initializers]
 1609 |    stbi__write_context s = { 0 };
      |                                ^
/home/hgl/code/ustc/USTC_CG/Framework2D/third_party/stb_image_write.h:1609:32: warning: missing initializer for member ‘stbi__write_context::buffer’ [-Wmissing-field-initializers]
/home/hgl/code/ustc/USTC_CG/Framework2D/third_party/stb_image_write.h:1609:32: warning: missing initializer for member ‘stbi__write_context::buf_used’ [-Wmissing-field-initializers]
/home/hgl/code/ustc/USTC_CG/Framework2D/third_party/stb_image_write.h: In function ‘int stbi_write_jpg(const char*, int, int, int, const void*, int)’:
/home/hgl/code/ustc/USTC_CG/Framework2D/third_party/stb_image_write.h:1618:32: warning: missing initializer for member ‘stbi__write_context::context’ [-Wmissing-field-initializers]
 1618 |    stbi__write_context s = { 0 };
      |                                ^
/home/hgl/code/ustc/USTC_CG/Framework2D/third_party/stb_image_write.h:1618:32: warning: missing initializer for member ‘stbi__write_context::buffer’ [-Wmissing-field-initializers]
/home/hgl/code/ustc/USTC_CG/Framework2D/third_party/stb_image_write.h:1618:32: warning: missing initializer for member ‘stbi__write_context::buf_used’ [-Wmissing-field-initializers]
/home/hgl/code/ustc/USTC_CG/Framework2D/include/common/image_widget.h: In constructor ‘USTC_CG::ImageWidget::ImageWidget(const std::string&, const std::string&)’:
/home/hgl/code/ustc/USTC_CG/Framework2D/include/common/image_widget.h:46:17: warning: ‘USTC_CG::ImageWidget::filename_’ will be initialized after [-Wreorder]
   46 |     std::string filename_;                 // Path to the image file.
      |                 ^~~~~~~~~
/home/hgl/code/ustc/USTC_CG/Framework2D/src/common/image_widget.cpp:15:19: warning:   base ‘USTC_CG::Widget’ [-Wreorder]
   15 |       Widget(label)
      |                   ^
/home/hgl/code/ustc/USTC_CG/Framework2D/src/common/image_widget.cpp:13:1: warning:   when initialized here [-Wreorder]
   13 | ImageWidget::ImageWidget(const std::string& label, const std::string& filename)
      | ^~~~~~~~~~~
[ 65%] Linking CXX static library /home/hgl/code/ustc/USTC_CG/Framework2D/libs/libcommon.a
make[2]: 离开目录“/home/hgl/code/ustc/USTC_CG/Framework2D/build”
[ 67%] Built target common
make[2]: 进入目录“/home/hgl/code/ustc/USTC_CG/Framework2D/build”
make[2]: 进入目录“/home/hgl/code/ustc/USTC_CG/Framework2D/build”
make[2]: 进入目录“/home/hgl/code/ustc/USTC_CG/Framework2D/build”
make[2]: 进入目录“/home/hgl/code/ustc/USTC_CG/Framework2D/build”
make[2]: 进入目录“/home/hgl/code/ustc/USTC_CG/Framework2D/build”
make[2]: 离开目录“/home/hgl/code/ustc/USTC_CG/Framework2D/build”
make[2]: 离开目录“/home/hgl/code/ustc/USTC_CG/Framework2D/build”
make[2]: 离开目录“/home/hgl/code/ustc/USTC_CG/Framework2D/build”
make[2]: 进入目录“/home/hgl/code/ustc/USTC_CG/Framework2D/build”
make[2]: 进入目录“/home/hgl/code/ustc/USTC_CG/Framework2D/build”
make[2]: 进入目录“/home/hgl/code/ustc/USTC_CG/Framework2D/build”
[ 69%] Building CXX object src/demo/CMakeFiles/demo.dir/demo.cpp.o
[ 69%] Building CXX object src/demo/CMakeFiles/demo.dir/demo_window.cpp.o
make[2]: 离开目录“/home/hgl/code/ustc/USTC_CG/Framework2D/build”
make[2]: 进入目录“/home/hgl/code/ustc/USTC_CG/Framework2D/build”
[ 70%] Building CXX object src/demo/CMakeFiles/demo_hello_world.dir/demo_hello_world.cpp.o
make[2]: 离开目录“/home/hgl/code/ustc/USTC_CG/Framework2D/build”
[ 71%] Building CXX object src/assignments/3_PoissonImageEditing/CMakeFiles/3_PoissonImageEditing.dir/main.cpp.o
[ 72%] Building CXX object src/assignments/3_PoissonImageEditing/CMakeFiles/3_PoissonImageEditing.dir/shapes/rect.cpp.o
[ 73%] Building CXX object src/assignments/3_PoissonImageEditing/CMakeFiles/3_PoissonImageEditing.dir/source_image_widget.cpp.o
[ 76%] Building CXX object src/assignments/3_PoissonImageEditing/CMakeFiles/3_PoissonImageEditing.dir/shapes/line.cpp.o
[ 76%] Building CXX object src/assignments/3_PoissonImageEditing/CMakeFiles/3_PoissonImageEditing.dir/poisson_window.cpp.o
[ 77%] Building CXX object src/assignments/1_MiniDraw/CMakeFiles/1_MiniDraw.dir/canvas_widget.cpp.o
[ 78%] Building CXX object src/assignments/3_PoissonImageEditing/CMakeFiles/3_PoissonImageEditing.dir/target_image_widget.cpp.o
make[2]: 进入目录“/home/hgl/code/ustc/USTC_CG/Framework2D/build”
[ 79%] Building CXX object src/assignments/1_MiniDraw/CMakeFiles/1_MiniDraw.dir/shapes/line.cpp.o
[ 80%] Building CXX object src/assignments/1_MiniDraw/CMakeFiles/1_MiniDraw.dir/shapes/freehand.cpp.o
[ 81%] Building CXX object src/assignments/1_MiniDraw/CMakeFiles/1_MiniDraw.dir/main.cpp.o
[ 82%] Building CXX object src/assignments/1_MiniDraw/CMakeFiles/1_MiniDraw.dir/shapes/polygon.cpp.o
[ 85%] Building CXX object src/assignments/1_MiniDraw/CMakeFiles/1_MiniDraw.dir/minidraw_window.cpp.o
[ 85%] Building CXX object src/assignments/1_MiniDraw/CMakeFiles/1_MiniDraw.dir/shapes/ellipse.cpp.o
[ 86%] Building CXX object src/assignments/1_MiniDraw/CMakeFiles/1_MiniDraw.dir/shapes/rect.cpp.o
In file included from /home/hgl/code/ustc/USTC_CG/Framework2D/src/assignments/3_PoissonImageEditing/shapes/line.h:3,
                 from /home/hgl/code/ustc/USTC_CG/Framework2D/src/assignments/3_PoissonImageEditing/shapes/line.cpp:1:
/home/hgl/code/ustc/USTC_CG/Framework2D/src/assignments/3_PoissonImageEditing/shapes/shape.h: In member function ‘virtual void USTC_CG::Shape::add_control_point(float, float)’:
/home/hgl/code/ustc/USTC_CG/Framework2D/src/assignments/3_PoissonImageEditing/shapes/shape.h:49:42: warning: unused parameter ‘x’ [-Wunused-parameter]
   49 |     virtual void add_control_point(float x, float y) {}
      |                                    ~~~~~~^
/home/hgl/code/ustc/USTC_CG/Framework2D/src/assignments/3_PoissonImageEditing/shapes/shape.h:49:51: warning: unused parameter ‘y’ [-Wunused-parameter]
   49 |     virtual void add_control_point(float x, float y) {}
      |                                             ~~~~~~^
[ 87%] Building CXX object src/assignments/2_ImageWarping/CMakeFiles/2_ImageWarping.dir/main.cpp.o
[ 88%] Building CXX object src/assignments/2_ImageWarping/CMakeFiles/2_ImageWarping.dir/warper/Dlib_warper.cpp.o
[ 89%] Building CXX object src/assignments/2_ImageWarping/CMakeFiles/2_ImageWarping.dir/warper/IDW_warper.cpp.o
In file included from /home/hgl/code/ustc/USTC_CG/Framework2D/src/assignments/3_PoissonImageEditing/shapes/rect.h:3,
                 from /home/hgl/code/ustc/USTC_CG/Framework2D/src/assignments/3_PoissonImageEditing/shapes/rect.cpp:1:
/home/hgl/code/ustc/USTC_CG/Framework2D/src/assignments/3_PoissonImageEditing/shapes/shape.h: In member function ‘virtual void USTC_CG::Shape::add_control_point(float, float)’:
/home/hgl/code/ustc/USTC_CG/Framework2D/src/assignments/3_PoissonImageEditing/shapes/shape.h:49:42: warning: unused parameter ‘x’ [-Wunused-parameter]
   49 |     virtual void add_control_point(float x, float y) {}
      |                                    ~~~~~~^
/home/hgl/code/ustc/USTC_CG/Framework2D/src/assignments/3_PoissonImageEditing/shapes/shape.h:49:51: warning: unused parameter ‘y’ [-Wunused-parameter]
   49 |     virtual void add_control_point(float x, float y) {}
      |                                             ~~~~~~^
[ 90%] Building CXX object src/assignments/2_ImageWarping/CMakeFiles/2_ImageWarping.dir/warper/RBF_warper.cpp.o
[ 93%] Building CXX object src/assignments/2_ImageWarping/CMakeFiles/2_ImageWarping.dir/warper/warper.cpp.o
[ 92%] Building CXX object src/assignments/2_ImageWarping/CMakeFiles/2_ImageWarping.dir/warping_widget.cpp.o
[ 94%] Building CXX object src/assignments/2_ImageWarping/CMakeFiles/2_ImageWarping.dir/warping_window.cpp.o
[ 95%] Linking CXX executable /home/hgl/code/ustc/USTC_CG/Framework2D/bin/demo_hello_world
In file included from /home/hgl/code/ustc/USTC_CG/Framework2D/include/common/image_widget.h:11,
                 from /home/hgl/code/ustc/USTC_CG/Framework2D/src/assignments/3_PoissonImageEditing/source_image_widget.h:3,
                 from /home/hgl/code/ustc/USTC_CG/Framework2D/src/assignments/3_PoissonImageEditing/poisson_window.h:6,
                 from /home/hgl/code/ustc/USTC_CG/Framework2D/src/assignments/3_PoissonImageEditing/main.cpp:3:
/home/hgl/code/ustc/USTC_CG/Framework2D/include/common/image.h: In member function ‘void USTC_CG::Image::set_pixel(int, int, const std::vector<unsigned char>&)’:
/home/hgl/code/ustc/USTC_CG/Framework2D/include/common/image.h:141:39: warning: comparison of integer expressions of different signedness: ‘int’ and ‘size_t’ {aka ‘long unsigned int’} [-Wsign-compare]
  141 |         for (int channel = 0; channel < channels_reset; ++channel)
      |                               ~~~~~~~~^~~~~~~~~~~~~~~~
In file included from /home/hgl/code/ustc/USTC_CG/Framework2D/include/common/image_widget.h:11,
                 from /home/hgl/code/ustc/USTC_CG/Framework2D/src/assignments/3_PoissonImageEditing/source_image_widget.h:3,
                 from /home/hgl/code/ustc/USTC_CG/Framework2D/src/assignments/3_PoissonImageEditing/poisson_window.h:6,
                 from /home/hgl/code/ustc/USTC_CG/Framework2D/src/assignments/3_PoissonImageEditing/poisson_window.cpp:1:
/home/hgl/code/ustc/USTC_CG/Framework2D/include/common/image.h: In member function ‘void USTC_CG::Image::set_pixel(int, int, const std::vector<unsigned char>&)’:
/home/hgl/code/ustc/USTC_CG/Framework2D/include/common/image.h:141:39: warning: comparison of integer expressions of different signedness: ‘int’ and ‘size_t’ {aka ‘long unsigned int’} [-Wsign-compare]
  141 |         for (int channel = 0; channel < channels_reset; ++channel)
      |                               ~~~~~~~~^~~~~~~~~~~~~~~~
In file included from /home/hgl/code/ustc/USTC_CG/Framework2D/src/assignments/3_PoissonImageEditing/shapes/rect.h:3,
                 from /home/hgl/code/ustc/USTC_CG/Framework2D/src/assignments/3_PoissonImageEditing/source_image_widget.h:4:
/home/hgl/code/ustc/USTC_CG/Framework2D/src/assignments/3_PoissonImageEditing/shapes/shape.h: In member function ‘virtual void USTC_CG::Shape::add_control_point(float, float)’:
/home/hgl/code/ustc/USTC_CG/Framework2D/src/assignments/3_PoissonImageEditing/shapes/shape.h:49:42: warning: unused parameter ‘x’ [-Wunused-parameter]
   49 |     virtual void add_control_point(float x, float y) {}
      |                                    ~~~~~~^
/home/hgl/code/ustc/USTC_CG/Framework2D/src/assignments/3_PoissonImageEditing/shapes/shape.h:49:51: warning: unused parameter ‘y’ [-Wunused-parameter]
   49 |     virtual void add_control_point(float x, float y) {}
      |                                             ~~~~~~^
In file included from /home/hgl/code/ustc/USTC_CG/Framework2D/src/assignments/3_PoissonImageEditing/shapes/rect.h:3,
                 from /home/hgl/code/ustc/USTC_CG/Framework2D/src/assignments/3_PoissonImageEditing/source_image_widget.h:4:
/home/hgl/code/ustc/USTC_CG/Framework2D/src/assignments/3_PoissonImageEditing/shapes/shape.h: In member function ‘virtual void USTC_CG::Shape::add_control_point(float, float)’:
/home/hgl/code/ustc/USTC_CG/Framework2D/src/assignments/3_PoissonImageEditing/shapes/shape.h:49:42: warning: unused parameter ‘x’ [-Wunused-parameter]
   49 |     virtual void add_control_point(float x, float y) {}
      |                                    ~~~~~~^
/home/hgl/code/ustc/USTC_CG/Framework2D/src/assignments/3_PoissonImageEditing/shapes/shape.h:49:51: warning: unused parameter ‘y’ [-Wunused-parameter]
   49 |     virtual void add_control_point(float x, float y) {}
      |                                             ~~~~~~^
make[2]: 离开目录“/home/hgl/code/ustc/USTC_CG/Framework2D/build”
[ 95%] Built target demo_hello_world
In file included from /home/hgl/code/ustc/USTC_CG/Framework2D/include/common/image_widget.h:11,
                 from /home/hgl/code/ustc/USTC_CG/Framework2D/src/assignments/2_ImageWarping/warping_widget.h:3,
                 from /home/hgl/code/ustc/USTC_CG/Framework2D/src/assignments/2_ImageWarping/warping_window.h:6,
                 from /home/hgl/code/ustc/USTC_CG/Framework2D/src/assignments/2_ImageWarping/main.cpp:3:
/home/hgl/code/ustc/USTC_CG/Framework2D/include/common/image.h: In member function ‘void USTC_CG::Image::set_pixel(int, int, const std::vector<unsigned char>&)’:
/home/hgl/code/ustc/USTC_CG/Framework2D/include/common/image.h:141:39: warning: comparison of integer expressions of different signedness: ‘int’ and ‘size_t’ {aka ‘long unsigned int’} [-Wsign-compare]
  141 |         for (int channel = 0; channel < channels_reset; ++channel)
      |                               ~~~~~~~~^~~~~~~~~~~~~~~~
In file included from /home/hgl/code/ustc/USTC_CG/Framework2D/include/common/image_widget.h:11,
                 from /home/hgl/code/ustc/USTC_CG/Framework2D/src/demo/demo_window.h:5,
                 from /home/hgl/code/ustc/USTC_CG/Framework2D/src/demo/demo.cpp:3:
/home/hgl/code/ustc/USTC_CG/Framework2D/include/common/image.h: In member function ‘void USTC_CG::Image::set_pixel(int, int, const std::vector<unsigned char>&)’:
/home/hgl/code/ustc/USTC_CG/Framework2D/include/common/image.h:141:39: warning: comparison of integer expressions of different signedness: ‘int’ and ‘size_t’ {aka ‘long unsigned int’} [-Wsign-compare]
  141 |         for (int channel = 0; channel < channels_reset; ++channel)
      |                               ~~~~~~~~^~~~~~~~~~~~~~~~
In file included from /home/hgl/code/ustc/USTC_CG/Framework2D/include/common/image_widget.h:11,
                 from /home/hgl/code/ustc/USTC_CG/Framework2D/src/assignments/3_PoissonImageEditing/source_image_widget.h:3,
                 from /home/hgl/code/ustc/USTC_CG/Framework2D/src/assignments/3_PoissonImageEditing/source_image_widget.cpp:1:
/home/hgl/code/ustc/USTC_CG/Framework2D/include/common/image.h: In member function ‘void USTC_CG::Image::set_pixel(int, int, const std::vector<unsigned char>&)’:
/home/hgl/code/ustc/USTC_CG/Framework2D/include/common/image.h:141:39: warning: comparison of integer expressions of different signedness: ‘int’ and ‘size_t’ {aka ‘long unsigned int’} [-Wsign-compare]
  141 |         for (int channel = 0; channel < channels_reset; ++channel)
      |                               ~~~~~~~~^~~~~~~~~~~~~~~~
In file included from /home/hgl/code/ustc/USTC_CG/Framework2D/src/assignments/3_PoissonImageEditing/shapes/rect.h:3,
                 from /home/hgl/code/ustc/USTC_CG/Framework2D/src/assignments/3_PoissonImageEditing/source_image_widget.h:4:
/home/hgl/code/ustc/USTC_CG/Framework2D/src/assignments/3_PoissonImageEditing/shapes/shape.h: In member function ‘virtual void USTC_CG::Shape::add_control_point(float, float)’:
/home/hgl/code/ustc/USTC_CG/Framework2D/src/assignments/3_PoissonImageEditing/shapes/shape.h:49:42: warning: unused parameter ‘x’ [-Wunused-parameter]
   49 |     virtual void add_control_point(float x, float y) {}
      |                                    ~~~~~~^
/home/hgl/code/ustc/USTC_CG/Framework2D/src/assignments/3_PoissonImageEditing/shapes/shape.h:49:51: warning: unused parameter ‘y’ [-Wunused-parameter]
   49 |     virtual void add_control_point(float x, float y) {}
      |                                             ~~~~~~^
In file included from /home/hgl/code/ustc/USTC_CG/Framework2D/include/common/image_widget.h:11,
                 from /home/hgl/code/ustc/USTC_CG/Framework2D/src/demo/demo_window.h:5,
                 from /home/hgl/code/ustc/USTC_CG/Framework2D/src/demo/demo_window.cpp:1:
/home/hgl/code/ustc/USTC_CG/Framework2D/include/common/image.h: In member function ‘void USTC_CG::Image::set_pixel(int, int, const std::vector<unsigned char>&)’:
/home/hgl/code/ustc/USTC_CG/Framework2D/include/common/image.h:141:39: warning: comparison of integer expressions of different signedness: ‘int’ and ‘size_t’ {aka ‘long unsigned int’} [-Wsign-compare]
  141 |         for (int channel = 0; channel < channels_reset; ++channel)
      |                               ~~~~~~~~^~~~~~~~~~~~~~~~
/home/hgl/code/ustc/USTC_CG/Framework2D/src/assignments/3_PoissonImageEditing/source_image_widget.cpp: In member function ‘void USTC_CG::SourceImageWidget::select_region()’:
/home/hgl/code/ustc/USTC_CG/Framework2D/src/assignments/3_PoissonImageEditing/source_image_widget.cpp:62:21: warning: unused variable ‘draw_list’ [-Wunused-variable]
   62 |         ImDrawList* draw_list = ImGui::GetWindowDrawList();
      |                     ^~~~~~~~~
/home/hgl/code/ustc/USTC_CG/Framework2D/src/assignments/3_PoissonImageEditing/source_image_widget.cpp:46:14: warning: unused variable ‘io’ [-Wunused-variable]
   46 |     ImGuiIO& io = ImGui::GetIO();
      |              ^~
In file included from /home/hgl/code/ustc/USTC_CG/Framework2D/include/common/image_widget.h:11,
                 from /home/hgl/code/ustc/USTC_CG/Framework2D/src/assignments/2_ImageWarping/warping_widget.h:3,
                 from /home/hgl/code/ustc/USTC_CG/Framework2D/src/assignments/2_ImageWarping/warping_window.h:6,
                 from /home/hgl/code/ustc/USTC_CG/Framework2D/src/assignments/2_ImageWarping/warping_window.cpp:1:
/home/hgl/code/ustc/USTC_CG/Framework2D/include/common/image.h: In member function ‘void USTC_CG::Image::set_pixel(int, int, const std::vector<unsigned char>&)’:
/home/hgl/code/ustc/USTC_CG/Framework2D/include/common/image.h:141:39: warning: comparison of integer expressions of different signedness: ‘int’ and ‘size_t’ {aka ‘long unsigned int’} [-Wsign-compare]
  141 |         for (int channel = 0; channel < channels_reset; ++channel)
      |                               ~~~~~~~~^~~~~~~~~~~~~~~~
In file included from /home/hgl/code/ustc/USTC_CG/Framework2D/include/common/image_widget.h:11,
                 from /home/hgl/code/ustc/USTC_CG/Framework2D/src/assignments/3_PoissonImageEditing/source_image_widget.h:3,
                 from /home/hgl/code/ustc/USTC_CG/Framework2D/src/assignments/3_PoissonImageEditing/target_image_widget.h:3,
                 from /home/hgl/code/ustc/USTC_CG/Framework2D/src/assignments/3_PoissonImageEditing/target_image_widget.cpp:1:
/home/hgl/code/ustc/USTC_CG/Framework2D/include/common/image.h: In member function ‘void USTC_CG::Image::set_pixel(int, int, const std::vector<unsigned char>&)’:
/home/hgl/code/ustc/USTC_CG/Framework2D/include/common/image.h:141:39: warning: comparison of integer expressions of different signedness: ‘int’ and ‘size_t’ {aka ‘long unsigned int’} [-Wsign-compare]
  141 |         for (int channel = 0; channel < channels_reset; ++channel)
      |                               ~~~~~~~~^~~~~~~~~~~~~~~~
In file included from /home/hgl/code/ustc/USTC_CG/Framework2D/src/assignments/3_PoissonImageEditing/shapes/rect.h:3,
                 from /home/hgl/code/ustc/USTC_CG/Framework2D/src/assignments/3_PoissonImageEditing/source_image_widget.h:4:
/home/hgl/code/ustc/USTC_CG/Framework2D/src/assignments/3_PoissonImageEditing/shapes/shape.h: In member function ‘virtual void USTC_CG::Shape::add_control_point(float, float)’:
/home/hgl/code/ustc/USTC_CG/Framework2D/src/assignments/3_PoissonImageEditing/shapes/shape.h:49:42: warning: unused parameter ‘x’ [-Wunused-parameter]
   49 |     virtual void add_control_point(float x, float y) {}
      |                                    ~~~~~~^
/home/hgl/code/ustc/USTC_CG/Framework2D/src/assignments/3_PoissonImageEditing/shapes/shape.h:49:51: warning: unused parameter ‘y’ [-Wunused-parameter]
   49 |     virtual void add_control_point(float x, float y) {}
      |                                             ~~~~~~^
In file included from /home/hgl/code/ustc/USTC_CG/Framework2D/include/common/image_widget.h:11,
                 from /home/hgl/code/ustc/USTC_CG/Framework2D/src/assignments/2_ImageWarping/warping_widget.h:3,
                 from /home/hgl/code/ustc/USTC_CG/Framework2D/src/assignments/2_ImageWarping/warping_widget.cpp:1:
/home/hgl/code/ustc/USTC_CG/Framework2D/include/common/image.h: In member function ‘void USTC_CG::Image::set_pixel(int, int, const std::vector<unsigned char>&)’:
/home/hgl/code/ustc/USTC_CG/Framework2D/include/common/image.h:141:39: warning: comparison of integer expressions of different signedness: ‘int’ and ‘size_t’ {aka ‘long unsigned int’} [-Wsign-compare]
  141 |         for (int channel = 0; channel < channels_reset; ++channel)
      |                               ~~~~~~~~^~~~~~~~~~~~~~~~
In file included from /home/hgl/code/ustc/USTC_CG/Framework2D/src/assignments/2_ImageWarping/warping_widget.cpp:5:
/home/hgl/code/ustc/USTC_CG/Framework2D/src/assignments/2_ImageWarping/_deps/annoylib.h: In instantiation of ‘static void Annoy::Base::preprocess(void*, size_t, S, int) [with T = float; S = int; Node = Annoy::Minkowski::Node<int, float>; size_t = long unsigned int]’:
/home/hgl/code/ustc/USTC_CG/Framework2D/src/assignments/2_ImageWarping/_deps/annoylib.h:965:39:   required from ‘bool Annoy::AnnoyIndex<S, T, Distance, Random, ThreadedBuildPolicy>::build(int, int, char**) [with S = int; T = float; Distance = Annoy::Euclidean; Random = Annoy::Kiss32Random; ThreadedBuildPolicy = Annoy::AnnoyIndexSingleThreadedBuildPolicy]’
/home/hgl/code/ustc/USTC_CG/Framework2D/src/assignments/2_ImageWarping/warping_widget.cpp:172:24:   required from here
/home/hgl/code/ustc/USTC_CG/Framework2D/src/assignments/2_ImageWarping/_deps/annoylib.h:415:39: warning: unused parameter ‘nodes’ [-Wunused-parameter]
  415 |   static inline void preprocess(void* nodes, size_t _s, const S node_count, const int f) {
      |                                 ~~~~~~^~~~~
/home/hgl/code/ustc/USTC_CG/Framework2D/src/assignments/2_ImageWarping/_deps/annoylib.h:415:53: warning: unused parameter ‘_s’ [-Wunused-parameter]
  415 |   static inline void preprocess(void* nodes, size_t _s, const S node_count, const int f) {
      |                                              ~~~~~~~^~
/home/hgl/code/ustc/USTC_CG/Framework2D/src/assignments/2_ImageWarping/_deps/annoylib.h:415:65: warning: unused parameter ‘node_count’ [-Wunused-parameter]
  415 |   static inline void preprocess(void* nodes, size_t _s, const S node_count, const int f) {
      |                                                         ~~~~~~~~^~~~~~~~~~
/home/hgl/code/ustc/USTC_CG/Framework2D/src/assignments/2_ImageWarping/_deps/annoylib.h:415:87: warning: unused parameter ‘f’ [-Wunused-parameter]
  415 |   static inline void preprocess(void* nodes, size_t _s, const S node_count, const int f) {
      |                                                                             ~~~~~~~~~~^
/home/hgl/code/ustc/USTC_CG/Framework2D/src/assignments/2_ImageWarping/_deps/annoylib.h: In instantiation of ‘static void Annoy::AnnoyIndexSingleThreadedBuildPolicy::build(Annoy::AnnoyIndex<S, T, D, Random, Annoy::AnnoyIndexSingleThreadedBuildPolicy>*, int, int) [with S = int; T = float; D = Annoy::Euclidean; Random = Annoy::Kiss32Random]’:
/home/hgl/code/ustc/USTC_CG/Framework2D/src/assignments/2_ImageWarping/_deps/annoylib.h:969:46:   required from ‘bool Annoy::AnnoyIndex<S, T, Distance, Random, ThreadedBuildPolicy>::build(int, int, char**) [with S = int; T = float; Distance = Annoy::Euclidean; Random = Annoy::Kiss32Random; ThreadedBuildPolicy = Annoy::AnnoyIndexSingleThreadedBuildPolicy]’
/home/hgl/code/ustc/USTC_CG/Framework2D/src/assignments/2_ImageWarping/warping_widget.cpp:172:24:   required from here
/home/hgl/code/ustc/USTC_CG/Framework2D/src/assignments/2_ImageWarping/_deps/annoylib.h:1408:105: warning: unused parameter ‘n_threads’ [-Wunused-parameter]
 1408 |   static void build(AnnoyIndex<S, T, D, Random, AnnoyIndexSingleThreadedBuildPolicy>* annoy, int q, int n_threads) {
      |                                                                                                     ~~~~^~~~~~~~~
[ 96%] Linking CXX executable /home/hgl/code/ustc/USTC_CG/Framework2D/bin/demo
/home/hgl/code/ustc/USTC_CG/Framework2D/src/assignments/2_ImageWarping/_deps/annoylib.h: In instantiation of ‘static void Annoy::Base::zero_value(Node*) [with Node = Annoy::Minkowski::Node<int, float>]’:
/home/hgl/code/ustc/USTC_CG/Framework2D/src/assignments/2_ImageWarping/_deps/annoylib.h:916:18:   required from ‘bool Annoy::AnnoyIndex<S, T, Distance, Random, ThreadedBuildPolicy>::add_item_impl(S, const W&, char**) [with W = const float*; S = int; T = float; Distance = Annoy::Euclidean; Random = Annoy::Kiss32Random; ThreadedBuildPolicy = Annoy::AnnoyIndexSingleThreadedBuildPolicy]’
/home/hgl/code/ustc/USTC_CG/Framework2D/src/assignments/2_ImageWarping/_deps/annoylib.h:904:25:   required from ‘bool Annoy::AnnoyIndex<S, T, Distance, Random, ThreadedBuildPolicy>::add_item(S, const T*, char**) [with S = int; T = float; Distance = Annoy::Euclidean; Random = Annoy::Kiss32Random; ThreadedBuildPolicy = Annoy::AnnoyIndexSingleThreadedBuildPolicy]’
/home/hgl/code/ustc/USTC_CG/Framework2D/src/assignments/2_ImageWarping/warping_widget.cpp:165:39:   required from here
/home/hgl/code/ustc/USTC_CG/Framework2D/src/assignments/2_ImageWarping/_deps/annoylib.h:421:39: warning: unused parameter ‘dest’ [-Wunused-parameter]
  421 |   static inline void zero_value(Node* dest) {
      |                                 ~~~~~~^~~~
/home/hgl/code/ustc/USTC_CG/Framework2D/src/assignments/2_ImageWarping/_deps/annoylib.h: In instantiation of ‘static void Annoy::Euclidean::init_node(Annoy::Minkowski::Node<S, T>*, int) [with S = int; T = float]’:
/home/hgl/code/ustc/USTC_CG/Framework2D/src/assignments/2_ImageWarping/_deps/annoylib.h:925:17:   required from ‘bool Annoy::AnnoyIndex<S, T, Distance, Random, ThreadedBuildPolicy>::add_item_impl(S, const W&, char**) [with W = const float*; S = int; T = float; Distance = Annoy::Euclidean; Random = Annoy::Kiss32Random; ThreadedBuildPolicy = Annoy::AnnoyIndexSingleThreadedBuildPolicy]’
/home/hgl/code/ustc/USTC_CG/Framework2D/src/assignments/2_ImageWarping/_deps/annoylib.h:904:25:   required from ‘bool Annoy::AnnoyIndex<S, T, Distance, Random, ThreadedBuildPolicy>::add_item(S, const T*, char**) [with S = int; T = float; Distance = Annoy::Euclidean; Random = Annoy::Kiss32Random; ThreadedBuildPolicy = Annoy::AnnoyIndexSingleThreadedBuildPolicy]’
/home/hgl/code/ustc/USTC_CG/Framework2D/src/assignments/2_ImageWarping/warping_widget.cpp:165:39:   required from here
/home/hgl/code/ustc/USTC_CG/Framework2D/src/assignments/2_ImageWarping/_deps/annoylib.h:787:44: warning: unused parameter ‘n’ [-Wunused-parameter]
  787 |   static inline void init_node(Node<S, T>* n, int f) {
      |                                ~~~~~~~~~~~~^
/home/hgl/code/ustc/USTC_CG/Framework2D/src/assignments/2_ImageWarping/_deps/annoylib.h:787:51: warning: unused parameter ‘f’ [-Wunused-parameter]
  787 |   static inline void init_node(Node<S, T>* n, int f) {
      |                                               ~~~~^
[ 97%] Linking CXX executable /home/hgl/code/ustc/USTC_CG/Framework2D/bin/1_MiniDraw
make[2]: 离开目录“/home/hgl/code/ustc/USTC_CG/Framework2D/build”
[ 97%] Built target demo
/home/hgl/code/ustc/USTC_CG/Framework2D/src/assignments/3_PoissonImageEditing/target_image_widget.cpp: In member function ‘bool USTC_CG::TargetImageWidget::PoissonSolver::is_valid(const std::shared_ptr<USTC_CG::Image>&)’:
/home/hgl/code/ustc/USTC_CG/Framework2D/src/assignments/3_PoissonImageEditing/target_image_widget.cpp:32:33: warning: comparison of integer expressions of different signedness: ‘int’ and ‘std::vector<std::pair<int, int> >::size_type’ {aka ‘long unsigned int’} [-Wsign-compare]
   32 |         if (interior_col_counts != interior_pixels.size()) return false;
      |             ~~~~~~~~~~~~~~~~~~~~^~~~~~~~~~~~~~~~~~~~~~~~~
make[2]: 离开目录“/home/hgl/code/ustc/USTC_CG/Framework2D/build”
/home/hgl/code/ustc/USTC_CG/Framework2D/src/assignments/3_PoissonImageEditing/target_image_widget.cpp: In member function ‘void USTC_CG::TargetImageWidget::clone()’:
/home/hgl/code/ustc/USTC_CG/Framework2D/src/assignments/3_PoissonImageEditing/target_image_widget.cpp:236:21: warning: unused variable ‘tar_x’ [-Wunused-variable]
  236 |                 int tar_x = c_x + x;
      |                     ^~~~~
/home/hgl/code/ustc/USTC_CG/Framework2D/src/assignments/3_PoissonImageEditing/target_image_widget.cpp:237:21: warning: unused variable ‘tar_y’ [-Wunused-variable]
  237 |                 int tar_y = c_y + y;
      |                     ^~~~~
[ 97%] Built target 1_MiniDraw
[ 98%] Linking CXX executable /home/hgl/code/ustc/USTC_CG/Framework2D/bin/3_PoissonImageEditing
make[2]: 离开目录“/home/hgl/code/ustc/USTC_CG/Framework2D/build”
[ 98%] Built target 3_PoissonImageEditing
[100%] Linking CXX executable /home/hgl/code/ustc/USTC_CG/Framework2D/bin/2_ImageWarping
make[2]: 离开目录“/home/hgl/code/ustc/USTC_CG/Framework2D/build”
[100%] Built target 2_ImageWarping
make[1]: 离开目录“/home/hgl/code/ustc/USTC_CG/Framework2D/build”
make: 离开目录“/home/hgl/code/ustc/USTC_CG/Framework2D/build”
